#
# A fatal error has been detected by the Java Runtime Environment:
#
#  SIGSEGV (0xb) at pc=0x0000000101ecbd0c, pid=63185, tid=13579
#
# JRE version: 7.0_13-b20
# Java VM: Java HotSpot(TM) 64-Bit Server VM (23.7-b01 mixed mode bsd-amd64 compressed oops)
# Problematic frame:
# V  [libjvm.dylib+0x2cbd0c]
#
# Failed to write core dump. Core dumps have been disabled. To enable core dumping, try "ulimit -c unlimited" before starting Java again
#
# If you would like to submit a bug report, please visit:
#   http://bugreport.sun.com/bugreport/crash.jsp
#

---------------  T H R E A D  ---------------

Current thread (0x00007fd384808000):  JavaThread "JDWP Transport Listener: dt_socket" daemon [_thread_in_vm, id=13579, stack(0x00000001077b0000,0x00000001078b0000)]

siginfo:si_signo=SIGSEGV: si_errno=0, si_code=0 (SEGV0), si_addr=0x0000000000000000

Registers:
RAX=0x0000000000000001, RBX=0x00000001078afacb, RCX=0x00000000000fc080, RDX=0x00000001078afacb
RSP=0x00000001078afa30, RBP=0x00000001078afa80, RSI=0x00007fd384808000, RDI=0x00007fd382e01c00
R8 =0x0000000000000000, R9 =0x00007fd382e00000, R10=0x0000000000000010, R11=0x00007fd382e00000
R12=0x00007fd384808000, R13=0x6000003600000002, R14=0x6000003600000002, R15=0x00007fd382e01c00
RIP=0x0000000101ecbd0c, EFLAGS=0x0000000000010202, ERR=0x0000000000000000
  TRAPNO=0x000000000000000d

Top of Stack: (sp=0x00000001078afa30)
0x00000001078afa30:   00007fd384808000 0000000000000000
0x00000001078afa40:   0000000000000000 0000000000000000
0x00000001078afa50:   00007fd384808000 00007fd384808000
0x00000001078afa60:   00000001078afacb 00000001078afad0
0x00000001078afa70:   6000003600000002 0000000000000006
0x00000001078afa80:   00000001078afaa0 00000001026f7280
0x00000001078afa90:   0000000000000001 00000001078afb48
0x00000001078afaa0:   00000001078afb10 00000001026dc15b
0x00000001078afab0:   00000001078afae0 00007fd382e791a0
0x00000001078afac0:   0000000700000032 0000000a008afb48
0x00000001078afad0:   0000000000000000 0000000000000000
0x00000001078afae0:   0000000000000000 00000001078afcd0
0x00000001078afaf0:   00000001026feda4 00007fd382d264d0
0x00000001078afb00:   00000001078afb48 000000010270a568
0x00000001078afb10:   00000001078afb20 00000001026dc254
0x00000001078afb20:   00000001078afd40 00000001026e575e
0x00000001078afb30:   000081cf00000013 00000000000f0200
0x00000001078afb40:   00007fd382d257f0 00007fd382e72628
0x00000001078afb50:   00007fd3000001d0 00007fd382e79500
0x00000001078afb60:   00007fd30000012c 00000001078afb98
0x00000001078afb70:   00007fd382e79500 00007f0000000000
0x00000001078afb80:   000081cf0000000f 00007fff00005080
0x00000001078afb90:   00000001078afb98 d37f000007000000
0x00000001078afba0:   080000004802f282 756e654d6e69616d
0x00000001078afbb0:   6f634c284e000000 7669767275732f6d
0x00000001078afbc0:   2f65726f74736c61 634c3b65726f7453
0x00000001078afbd0:   69767275732f6d6f 65726f74736c6176
0x00000001078afbe0:   3b74656c6c61572f 7275732f6d6f634c
0x00000001078afbf0:   6f74736c61766976 3b747261432f6572
0x00000001078afc00:   0000000000005a29 f182d37f00000a00
0x00000001078afc10:   72700c000000f895 6f636c6557746e69
0x00000001078afc20:   292803000000656d 0000000000000056 

Instructions: (pc=0x0000000101ecbd0c)
0x0000000101ecbcec:   00 00 00 41 f6 87 68 01 00 00 10 75 07 b8 63 00
0x0000000101ecbcfc:   00 00 eb 7a 4d 85 f6 75 07 b8 17 00 00 00 eb 6e
0x0000000101ecbd0c:   4d 8b 36 48 b8 fe fe fe fe fe fe fe fe 49 39 c6
0x0000000101ecbd1c:   74 e7 4d 85 f6 74 e2 48 8d 05 66 1c 46 00 80 38 

Register to memory mapping:

RAX=0x0000000000000001 is an unknown value
RBX=0x00000001078afacb is pointing into the stack for thread: 0x00007fd384808000
RCX=0x00000000000fc080 is an unknown value
RDX=0x00000001078afacb is pointing into the stack for thread: 0x00007fd384808000
RSP=0x00000001078afa30 is pointing into the stack for thread: 0x00007fd384808000
RBP=0x00000001078afa80 is pointing into the stack for thread: 0x00007fd384808000
RSI=0x00007fd384808000 is a thread
RDI=0x00007fd382e01c00 is an unknown value
R8 =0x0000000000000000 is an unknown value
R9 =0x00007fd382e00000 is an unknown value
R10=0x0000000000000010 is an unknown value
R11=0x00007fd382e00000 is an unknown value
R12=0x00007fd384808000 is a thread
R13=0x6000003600000002 is an unknown value
R14=0x6000003600000002 is an unknown value
R15=0x00007fd382e01c00 is an unknown value


Stack: [0x00000001077b0000,0x00000001078b0000],  sp=0x00000001078afa30,  free space=1022k
Native frames: (J=compiled Java code, j=interpreted, Vv=VM code, C=native code)
V  [libjvm.dylib+0x2cbd0c]
C  [libjdwp.dylib+0x20280]  isMethodSynthetic+0x63
C  [libjdwp.dylib+0x515b]  methods1+0x10b
C  [libjdwp.dylib+0x5254]  methodsWithGeneric+0xe
C  [libjdwp.dylib+0xe75e]  debugLoop_run+0x1ce
C  [libjdwp.dylib+0x1f1ba]  attachThread+0x4d
V  [libjvm.dylib+0x30b676]
V  [libjvm.dylib+0x478294]
V  [libjvm.dylib+0x47977a]
V  [libjvm.dylib+0x3b5191]
C  [libsystem_pthread.dylib+0x32fc]  _pthread_body+0x83
C  [libsystem_pthread.dylib+0x3279]  _pthread_body+0x0
C  [libsystem_pthread.dylib+0x14b1]  thread_start+0xd


---------------  P R O C E S S  ---------------

Java Threads: ( => current thread )
  0x00007fd383803800 JavaThread "Service Thread" daemon [_thread_blocked, id=14851, stack(0x0000000107cbf000,0x0000000107dbf000)]
  0x00007fd38480d800 JavaThread "C2 CompilerThread1" daemon [_thread_blocked, id=14595, stack(0x0000000107bbc000,0x0000000107cbc000)]
  0x00007fd384809800 JavaThread "C2 CompilerThread0" daemon [_thread_blocked, id=14339, stack(0x0000000107ab9000,0x0000000107bb9000)]
  0x00007fd38405f000 JavaThread "JDWP Command Reader" daemon [_thread_in_native, id=14083, stack(0x00000001079b6000,0x0000000107ab6000)]
  0x00007fd38405e000 JavaThread "JDWP Event Helper Thread" daemon [_thread_blocked, id=13827, stack(0x00000001078b3000,0x00000001079b3000)]
=>0x00007fd384808000 JavaThread "JDWP Transport Listener: dt_socket" daemon [_thread_in_vm, id=13579, stack(0x00000001077b0000,0x00000001078b0000)]
  0x00007fd38301b000 JavaThread "Signal Dispatcher" daemon [_thread_blocked, id=11019, stack(0x00000001076a7000,0x00000001077a7000)]
  0x00007fd384056800 JavaThread "Finalizer" daemon [_thread_blocked, id=9219, stack(0x0000000105d66000,0x0000000105e66000)]
  0x00007fd384055800 JavaThread "Reference Handler" daemon [_thread_blocked, id=8963, stack(0x0000000105c63000,0x0000000105d63000)]
  0x00007fd384001000 JavaThread "main" [_thread_in_native, id=4867, stack(0x00000001012d3000,0x00000001013d3000)]

Other Threads:
  0x00007fd384053000 VMThread [stack: 0x0000000105b60000,0x0000000105c60000] [id=8707]
  0x00007fd383804000 WatcherThread [stack: 0x0000000107dc2000,0x0000000107ec2000] [id=15107]

VM state:not at safepoint (normal execution)

VM Mutex/Monitor currently owned by a thread: None

Heap
 def new generation   total 4160K, used 1168K [0x00000007ed600000, 0x00000007eda80000, 0x00000007f1e00000)
  eden space 3712K,  31% used [0x00000007ed600000, 0x00000007ed724350, 0x00000007ed9a0000)
  from space 448K,   0% used [0x00000007ed9a0000, 0x00000007ed9a0000, 0x00000007eda10000)
  to   space 448K,   0% used [0x00000007eda10000, 0x00000007eda10000, 0x00000007eda80000)
 tenured generation   total 9216K, used 0K [0x00000007f1e00000, 0x00000007f2700000, 0x00000007fae00000)
   the space 9216K,   0% used [0x00000007f1e00000, 0x00000007f1e00000, 0x00000007f1e00200, 0x00000007f2700000)
 compacting perm gen  total 21248K, used 3435K [0x00000007fae00000, 0x00000007fc2c0000, 0x0000000800000000)
   the space 21248K,  16% used [0x00000007fae00000, 0x00000007fb15aff8, 0x00000007fb15b000, 0x00000007fc2c0000)
No shared spaces configured.

Card table byte_map: [0x00000001057d4000,0x000000010586a000] byte_map_base: 0x0000000101869000

Polling page: 0x00000001013e2000

Code Cache  [0x0000000102714000, 0x0000000102984000, 0x0000000105714000)
 total_blobs=190 nmethods=6 adapters=145 free_code_cache=48759Kb largest_free_block=49913856

Compilation events (10 events):
Event: 0.153 Thread 0x00007fd38480d800 nmethod 2 0x0000000102773810 code [0x0000000102773960, 0x0000000102773a58]
Event: 0.153 Thread 0x00007fd38480d800    3             sun.nio.cs.US_ASCII$Encoder::encode (107 bytes)
Event: 0.154 Thread 0x00007fd384809800 nmethod 1 0x0000000102773450 code [0x00000001027735a0, 0x0000000102773758]
Event: 0.154 Thread 0x00007fd384809800    4             java.lang.String::indexOf (70 bytes)
Event: 0.158 Thread 0x00007fd38480d800 nmethod 3 0x0000000102772c90 code [0x0000000102772e00, 0x0000000102773178]
Event: 0.161 Thread 0x00007fd384809800 nmethod 4 0x0000000102772810 code [0x0000000102772960, 0x0000000102772b88]
Event: 0.206 Thread 0x00007fd38480d800    5             java.io.UnixFileSystem::normalize (75 bytes)
Event: 0.213 Thread 0x00007fd38480d800 nmethod 5 0x00000001027745d0 code [0x0000000102774740, 0x0000000102774a18]
Event: 0.243 Thread 0x00007fd384809800    6             java.lang.String::indexOf (166 bytes)
Event: 0.251 Thread 0x00007fd384809800 nmethod 6 0x0000000102776050 code [0x00000001027761a0, 0x0000000102776678]

GC Heap History (0 events):
No events

Deoptimization events (0 events):
No events

Internal exceptions (10 events):
Event: 0.137 Thread 0x00007fd384001000 Threw 0x00000007ed67c970 at /HUDSON/workspace/jdk7u13-2-build-macosx-amd64-product/jdk7u13/hotspot/src/share/vm/prims/jvm.cpp:1166
Event: 0.211 Thread 0x00007fd384001000 Threw 0x00000007ed6bfe10 at /HUDSON/workspace/jdk7u13-2-build-macosx-amd64-product/jdk7u13/hotspot/src/share/vm/prims/jvm.cpp:1166
Event: 0.211 Thread 0x00007fd384001000 Threw 0x00000007ed6bff38 at /HUDSON/workspace/jdk7u13-2-build-macosx-amd64-product/jdk7u13/hotspot/src/share/vm/prims/jvm.cpp:1166
Event: 0.213 Thread 0x00007fd384001000 Threw 0x00000007ed6cae20 at /HUDSON/workspace/jdk7u13-2-build-macosx-amd64-product/jdk7u13/hotspot/src/share/vm/prims/jvm.cpp:1166
Event: 0.213 Thread 0x00007fd384001000 Threw 0x00000007ed6caf48 at /HUDSON/workspace/jdk7u13-2-build-macosx-amd64-product/jdk7u13/hotspot/src/share/vm/prims/jvm.cpp:1166
Event: 0.228 Thread 0x00007fd384001000 Threw 0x00000007ed6da608 at /HUDSON/workspace/jdk7u13-2-build-macosx-amd64-product/jdk7u13/hotspot/src/share/vm/prims/jvm.cpp:1166
Event: 0.229 Thread 0x00007fd384001000 Threw 0x00000007ed6dfec8 at /HUDSON/workspace/jdk7u13-2-build-macosx-amd64-product/jdk7u13/hotspot/src/share/vm/prims/jvm.cpp:1166
Event: 0.231 Thread 0x00007fd384001000 Threw 0x00000007ed6e6388 at /HUDSON/workspace/jdk7u13-2-build-macosx-amd64-product/jdk7u13/hotspot/src/share/vm/prims/jvm.cpp:1166
Event: 0.241 Thread 0x00007fd384001000 Threw 0x00000007ed708d68 at /HUDSON/workspace/jdk7u13-2-build-macosx-amd64-product/jdk7u13/hotspot/src/share/vm/prims/jvm.cpp:1166
Event: 0.243 Thread 0x00007fd384001000 Threw 0x00000007ed70c9e8 at /HUDSON/workspace/jdk7u13-2-build-macosx-amd64-product/jdk7u13/hotspot/src/share/vm/prims/jvm.cpp:1166

Events (10 events):
Event: 3288.411 Executing VM operation: ChangeBreakpoints
Event: 3288.411 Executing VM operation: ChangeBreakpoints done
Event: 3299.608 Executing VM operation: ChangeBreakpoints
Event: 3299.608 Executing VM operation: ChangeBreakpoints done
Event: 3305.272 Executing VM operation: ChangeBreakpoints
Event: 3305.272 Executing VM operation: ChangeBreakpoints done
Event: 3959.040 Executing VM operation: ChangeBreakpoints
Event: 3959.041 Executing VM operation: ChangeBreakpoints done
Event: 3959.043 Executing VM operation: RedefineClasses
Event: 3959.044 Executing VM operation: RedefineClasses done


Dynamic libraries:
0x0000000005b5f000 	/System/Library/Frameworks/Cocoa.framework/Versions/A/Cocoa
0x0000000005b5f000 	/System/Library/Frameworks/Security.framework/Versions/A/Security
0x0000000005b5f000 	/System/Library/Frameworks/ApplicationServices.framework/Versions/A/ApplicationServices
0x0000000005b5f000 	/usr/lib/libz.1.dylib
0x0000000005b5f000 	/usr/lib/libSystem.B.dylib
0x0000000005b5f000 	/usr/lib/libobjc.A.dylib
0x0000000005b5f000 	/System/Library/Frameworks/CoreFoundation.framework/Versions/A/CoreFoundation
0x0000000005b5f000 	/System/Library/Frameworks/AppKit.framework/Versions/C/AppKit
0x0000000005b5f000 	/System/Library/Frameworks/CoreData.framework/Versions/A/CoreData
0x0000000005b5f000 	/System/Library/Frameworks/Foundation.framework/Versions/C/Foundation
0x0000000005b5f000 	/System/Library/PrivateFrameworks/RemoteViewServices.framework/Versions/A/RemoteViewServices
0x0000000005b5f000 	/System/Library/PrivateFrameworks/UIFoundation.framework/Versions/A/UIFoundation
0x0000000005b5f000 	/System/Library/Frameworks/IOSurface.framework/Versions/A/IOSurface
0x0000000005b5f000 	/System/Library/Frameworks/AudioToolbox.framework/Versions/A/AudioToolbox
0x0000000005b5f000 	/System/Library/Frameworks/AudioUnit.framework/Versions/A/AudioUnit
0x0000000005b5f000 	/System/Library/PrivateFrameworks/DataDetectorsCore.framework/Versions/A/DataDetectorsCore
0x0000000005b5f000 	/System/Library/PrivateFrameworks/DesktopServicesPriv.framework/Versions/A/DesktopServicesPriv
0x0000000005b5f000 	/System/Library/Frameworks/Carbon.framework/Versions/A/Frameworks/HIToolbox.framework/Versions/A/HIToolbox
0x0000000005b5f000 	/System/Library/Frameworks/QuartzCore.framework/Versions/A/QuartzCore
0x0000000005b5f000 	/System/Library/Frameworks/Carbon.framework/Versions/A/Frameworks/SpeechRecognition.framework/Versions/A/SpeechRecognition
0x0000000005b5f000 	/usr/lib/libauto.dylib
0x0000000005b5f000 	/usr/lib/libicucore.A.dylib
0x0000000005b5f000 	/usr/lib/libxml2.2.dylib
0x0000000005b5f000 	/System/Library/PrivateFrameworks/CoreUI.framework/Versions/A/CoreUI
0x0000000005b5f000 	/System/Library/Frameworks/CoreAudio.framework/Versions/A/CoreAudio
0x0000000005b5f000 	/System/Library/Frameworks/DiskArbitration.framework/Versions/A/DiskArbitration
0x0000000005b5f000 	/usr/lib/liblangid.dylib
0x0000000005b5f000 	/System/Library/PrivateFrameworks/MultitouchSupport.framework/Versions/A/MultitouchSupport
0x0000000005b5f000 	/System/Library/Frameworks/IOKit.framework/Versions/A/IOKit
0x0000000005b5f000 	/usr/lib/libDiagnosticMessagesClient.dylib
0x0000000005b5f000 	/System/Library/Frameworks/CoreServices.framework/Versions/A/CoreServices
0x0000000005b5f000 	/System/Library/PrivateFrameworks/PerformanceAnalysis.framework/Versions/A/PerformanceAnalysis
0x0000000005b5f000 	/System/Library/PrivateFrameworks/GenerationalStorage.framework/Versions/A/GenerationalStorage
0x0000000005b5f000 	/System/Library/Frameworks/OpenGL.framework/Versions/A/OpenGL
0x0000000005b5f000 	/System/Library/PrivateFrameworks/Sharing.framework/Versions/A/Sharing
0x0000000005b5f000 	/System/Library/Frameworks/CoreGraphics.framework/Versions/A/CoreGraphics
0x0000000005b5f000 	/System/Library/Frameworks/CoreText.framework/Versions/A/CoreText
0x0000000005b5f000 	/System/Library/Frameworks/ImageIO.framework/Versions/A/ImageIO
0x0000000005b5f000 	/usr/lib/libextension.dylib
0x0000000005b5f000 	/System/Library/PrivateFrameworks/Backup.framework/Versions/A/Backup
0x0000000005b5f000 	/usr/lib/libarchive.2.dylib
0x0000000005b5f000 	/System/Library/Frameworks/CFNetwork.framework/Versions/A/CFNetwork
0x0000000005b5f000 	/System/Library/Frameworks/SystemConfiguration.framework/Versions/A/SystemConfiguration
0x0000000005b5f000 	/usr/lib/libCRFSuite.dylib
0x0000000005b5f000 	/usr/lib/libc++.1.dylib
0x0000000005b5f000 	/usr/lib/libc++abi.dylib
0x0000000005b5f000 	/usr/lib/system/libcache.dylib
0x0000000005b5f000 	/usr/lib/system/libcommonCrypto.dylib
0x0000000005b5f000 	/usr/lib/system/libcompiler_rt.dylib
0x0000000005b5f000 	/usr/lib/system/libcopyfile.dylib
0x0000000005b5f000 	/usr/lib/system/libcorecrypto.dylib
0x0000000005b5f000 	/usr/lib/system/libdispatch.dylib
0x0000000005b5f000 	/usr/lib/system/libdyld.dylib
0x0000000005b5f000 	/usr/lib/system/libkeymgr.dylib
0x0000000005b5f000 	/usr/lib/system/liblaunch.dylib
0x0000000005b5f000 	/usr/lib/system/libmacho.dylib
0x0000000005b5f000 	/usr/lib/system/libquarantine.dylib
0x0000000005b5f000 	/usr/lib/system/libremovefile.dylib
0x0000000005b5f000 	/usr/lib/system/libsystem_asl.dylib
0x0000000005b5f000 	/usr/lib/system/libsystem_blocks.dylib
0x0000000005b5f000 	/usr/lib/system/libsystem_c.dylib
0x0000000005b5f000 	/usr/lib/system/libsystem_configuration.dylib
0x0000000005b5f000 	/usr/lib/system/libsystem_coreservices.dylib
0x0000000005b5f000 	/usr/lib/system/libsystem_coretls.dylib
0x0000000005b5f000 	/usr/lib/system/libsystem_dnssd.dylib
0x0000000005b5f000 	/usr/lib/system/libsystem_info.dylib
0x0000000005b5f000 	/usr/lib/system/libsystem_kernel.dylib
0x0000000005b5f000 	/usr/lib/system/libsystem_m.dylib
0x0000000005b5f000 	/usr/lib/system/libsystem_malloc.dylib
0x0000000005b5f000 	/usr/lib/system/libsystem_network.dylib
0x0000000005b5f000 	/usr/lib/system/libsystem_networkextension.dylib
0x0000000005b5f000 	/usr/lib/system/libsystem_notify.dylib
0x0000000005b5f000 	/usr/lib/system/libsystem_platform.dylib
0x0000000005b5f000 	/usr/lib/system/libsystem_pthread.dylib
0x0000000005b5f000 	/usr/lib/system/libsystem_sandbox.dylib
0x0000000005b5f000 	/usr/lib/system/libsystem_secinit.dylib
0x0000000005b5f000 	/usr/lib/system/libsystem_stats.dylib
0x0000000005b5f000 	/usr/lib/system/libsystem_trace.dylib
0x0000000005b5f000 	/usr/lib/system/libunc.dylib
0x0000000005b5f000 	/usr/lib/system/libunwind.dylib
0x0000000005b5f000 	/usr/lib/system/libxpc.dylib
0x0000000005b5f000 	/usr/lib/libbz2.1.0.dylib
0x0000000005b5f000 	/usr/lib/liblzma.5.dylib
0x0000000005b5f000 	/usr/lib/libbsm.0.dylib
0x0000000005b5f000 	/usr/lib/libsqlite3.dylib
0x0000000005b5f000 	/usr/lib/system/libkxld.dylib
0x0000000005b5f000 	/usr/lib/libxar.1.dylib
0x0000000005b5f000 	/usr/lib/libpam.2.dylib
0x0000000005b5f000 	/usr/lib/libOpenScriptingUtil.dylib
0x0000000005b5f000 	/System/Library/Frameworks/CoreServices.framework/Versions/A/Frameworks/FSEvents.framework/Versions/A/FSEvents
0x0000000005b5f000 	/System/Library/Frameworks/CoreServices.framework/Versions/A/Frameworks/CarbonCore.framework/Versions/A/CarbonCore
0x0000000005b5f000 	/System/Library/Frameworks/CoreServices.framework/Versions/A/Frameworks/Metadata.framework/Versions/A/Metadata
0x0000000005b5f000 	/System/Library/Frameworks/CoreServices.framework/Versions/A/Frameworks/OSServices.framework/Versions/A/OSServices
0x0000000005b5f000 	/System/Library/Frameworks/CoreServices.framework/Versions/A/Frameworks/SearchKit.framework/Versions/A/SearchKit
0x0000000005b5f000 	/System/Library/Frameworks/CoreServices.framework/Versions/A/Frameworks/AE.framework/Versions/A/AE
0x0000000005b5f000 	/System/Library/Frameworks/CoreServices.framework/Versions/A/Frameworks/LaunchServices.framework/Versions/A/LaunchServices
0x0000000005b5f000 	/System/Library/Frameworks/CoreServices.framework/Versions/A/Frameworks/DictionaryServices.framework/Versions/A/DictionaryServices
0x0000000005b5f000 	/System/Library/Frameworks/NetFS.framework/Versions/A/NetFS
0x0000000005b5f000 	/System/Library/PrivateFrameworks/NetAuth.framework/Versions/A/NetAuth
0x0000000005b5f000 	/System/Library/PrivateFrameworks/login.framework/Versions/A/Frameworks/loginsupport.framework/Versions/A/loginsupport
0x0000000005b5f000 	/System/Library/PrivateFrameworks/TCC.framework/Versions/A/TCC
0x0000000005b5f000 	/usr/lib/libmecabra.dylib
0x0000000005b5f000 	/System/Library/PrivateFrameworks/LanguageModeling.framework/Versions/A/LanguageModeling
0x0000000005b5f000 	/usr/lib/libcmph.dylib
0x0000000005b5f000 	/usr/lib/libiconv.2.dylib
0x0000000005b5f000 	/System/Library/Frameworks/OpenDirectory.framework/Versions/A/Frameworks/CFOpenDirectory.framework/Versions/A/CFOpenDirectory
0x0000000005b5f000 	/System/Library/Frameworks/ServiceManagement.framework/Versions/A/ServiceManagement
0x0000000005b5f000 	/usr/lib/libxslt.1.dylib
0x0000000005b5f000 	/System/Library/Frameworks/Carbon.framework/Versions/A/Frameworks/Ink.framework/Versions/A/Ink
0x0000000005b5f000 	/System/Library/Frameworks/ApplicationServices.framework/Versions/A/Frameworks/ATS.framework/Versions/A/ATS
0x0000000005b5f000 	/System/Library/Frameworks/ApplicationServices.framework/Versions/A/Frameworks/ColorSync.framework/Versions/A/ColorSync
0x0000000005b5f000 	/System/Library/Frameworks/ApplicationServices.framework/Versions/A/Frameworks/HIServices.framework/Versions/A/HIServices
0x0000000005b5f000 	/System/Library/Frameworks/ApplicationServices.framework/Versions/A/Frameworks/LangAnalysis.framework/Versions/A/LangAnalysis
0x0000000005b5f000 	/System/Library/Frameworks/ApplicationServices.framework/Versions/A/Frameworks/PrintCore.framework/Versions/A/PrintCore
0x0000000005b5f000 	/System/Library/Frameworks/ApplicationServices.framework/Versions/A/Frameworks/QD.framework/Versions/A/QD
0x0000000005b5f000 	/System/Library/Frameworks/ApplicationServices.framework/Versions/A/Frameworks/SpeechSynthesis.framework/Versions/A/SpeechSynthesis
0x0000000005b5f000 	/System/Library/Frameworks/Accelerate.framework/Versions/A/Accelerate
0x0000000005b5f000 	/System/Library/Frameworks/Accelerate.framework/Versions/A/Frameworks/vImage.framework/Versions/A/vImage
0x0000000005b5f000 	/System/Library/Frameworks/Accelerate.framework/Versions/A/Frameworks/vecLib.framework/Versions/A/vecLib
0x0000000005b5f000 	/System/Library/Frameworks/Accelerate.framework/Versions/A/Frameworks/vecLib.framework/Versions/A/libvDSP.dylib
0x0000000005b5f000 	/System/Library/Frameworks/Accelerate.framework/Versions/A/Frameworks/vecLib.framework/Versions/A/libvMisc.dylib
0x0000000005b5f000 	/System/Library/Frameworks/Accelerate.framework/Versions/A/Frameworks/vecLib.framework/Versions/A/libLAPACK.dylib
0x0000000005b5f000 	/System/Library/Frameworks/Accelerate.framework/Versions/A/Frameworks/vecLib.framework/Versions/A/libBLAS.dylib
0x0000000005b5f000 	/System/Library/Frameworks/Accelerate.framework/Versions/A/Frameworks/vecLib.framework/Versions/A/libLinearAlgebra.dylib
0x0000000005b5f000 	/System/Library/Frameworks/ApplicationServices.framework/Versions/A/Frameworks/ATS.framework/Versions/A/Resources/libFontParser.dylib
0x0000000005b5f000 	/System/Library/Frameworks/ApplicationServices.framework/Versions/A/Frameworks/ATS.framework/Versions/A/Resources/libFontRegistry.dylib
0x0000000005b5f000 	/System/Library/PrivateFrameworks/AppleVPA.framework/Versions/A/AppleVPA
0x0000000005b5f000 	/System/Library/PrivateFrameworks/AppleJPEG.framework/Versions/A/AppleJPEG
0x0000000005b5f000 	/System/Library/Frameworks/ImageIO.framework/Versions/A/Resources/libJPEG.dylib
0x0000000005b5f000 	/System/Library/Frameworks/ImageIO.framework/Versions/A/Resources/libTIFF.dylib
0x0000000005b5f000 	/System/Library/Frameworks/ImageIO.framework/Versions/A/Resources/libPng.dylib
0x0000000005b5f000 	/System/Library/Frameworks/ImageIO.framework/Versions/A/Resources/libGIF.dylib
0x0000000005b5f000 	/System/Library/Frameworks/ImageIO.framework/Versions/A/Resources/libJP2.dylib
0x0000000005b5f000 	/System/Library/Frameworks/ImageIO.framework/Versions/A/Resources/libRadiance.dylib
0x0000000005b5f000 	/System/Library/Frameworks/CoreVideo.framework/Versions/A/CoreVideo
0x0000000005b5f000 	/System/Library/Frameworks/OpenGL.framework/Versions/A/Libraries/libGLU.dylib
0x0000000005b5f000 	/System/Library/Frameworks/OpenGL.framework/Versions/A/Libraries/libGFXShared.dylib
0x0000000005b5f000 	/System/Library/Frameworks/OpenGL.framework/Versions/A/Libraries/libGL.dylib
0x0000000005b5f000 	/System/Library/Frameworks/OpenGL.framework/Versions/A/Libraries/libGLImage.dylib
0x0000000005b5f000 	/System/Library/Frameworks/OpenGL.framework/Versions/A/Libraries/libCVMSPluginSupport.dylib
0x0000000005b5f000 	/System/Library/Frameworks/OpenGL.framework/Versions/A/Libraries/libCoreVMClient.dylib
0x0000000005b5f000 	/usr/lib/libcups.2.dylib
0x0000000005b5f000 	/System/Library/Frameworks/Kerberos.framework/Versions/A/Kerberos
0x0000000005b5f000 	/System/Library/Frameworks/GSS.framework/Versions/A/GSS
0x0000000005b5f000 	/usr/lib/libresolv.9.dylib
0x0000000005b5f000 	/System/Library/PrivateFrameworks/Heimdal.framework/Versions/A/Heimdal
0x0000000005b5f000 	/usr/lib/libheimdal-asn1.dylib
0x0000000005b5f000 	/System/Library/Frameworks/OpenDirectory.framework/Versions/A/OpenDirectory
0x0000000005b5f000 	/System/Library/PrivateFrameworks/CommonAuth.framework/Versions/A/CommonAuth
0x0000000005b5f000 	/System/Library/Frameworks/SecurityFoundation.framework/Versions/A/SecurityFoundation
0x0000000005b5f000 	/System/Library/Frameworks/QuartzCore.framework/Versions/A/Frameworks/CoreImage.framework/Versions/A/CoreImage
0x0000000005b5f000 	/System/Library/PrivateFrameworks/CrashReporterSupport.framework/Versions/A/CrashReporterSupport
0x0000000005b5f000 	/System/Library/Frameworks/OpenCL.framework/Versions/A/OpenCL
0x0000000005b5f000 	/System/Library/PrivateFrameworks/FaceCore.framework/Versions/A/FaceCore
0x0000000005b5f000 	/System/Library/PrivateFrameworks/Ubiquity.framework/Versions/A/Ubiquity
0x0000000005b5f000 	/System/Library/PrivateFrameworks/IconServices.framework/Versions/A/IconServices
0x0000000005b5f000 	/System/Library/PrivateFrameworks/ChunkingLibrary.framework/Versions/A/ChunkingLibrary
0x0000000005b5f000 	/System/Library/PrivateFrameworks/Apple80211.framework/Versions/A/Apple80211
0x0000000005b5f000 	/System/Library/Frameworks/CoreWLAN.framework/Versions/A/CoreWLAN
0x0000000005b5f000 	/System/Library/Frameworks/IOBluetooth.framework/Versions/A/IOBluetooth
0x0000000005b5f000 	/System/Library/PrivateFrameworks/CoreWiFi.framework/Versions/A/CoreWiFi
0x0000000005b5f000 	/System/Library/Frameworks/CoreBluetooth.framework/Versions/A/CoreBluetooth
0x0000000005b5f000 	/System/Library/PrivateFrameworks/DebugSymbols.framework/Versions/A/DebugSymbols
0x0000000005b5f000 	/System/Library/PrivateFrameworks/CoreSymbolication.framework/Versions/A/CoreSymbolication
0x0000000005b5f000 	/System/Library/PrivateFrameworks/Symbolication.framework/Versions/A/Symbolication
0x0000000005b5f000 	/System/Library/PrivateFrameworks/SpeechRecognitionCore.framework/Versions/A/SpeechRecognitionCore
0x0000000101c00000 	/Library/Java/JavaVirtualMachines/jdk1.7.0_13.jdk/Contents/Home/jre/lib/server/libjvm.dylib
0x0000000005b5f000 	/usr/lib/libstdc++.6.dylib
0x00000001013d5000 	/Library/Java/JavaVirtualMachines/jdk1.7.0_13.jdk/Contents/Home/jre/lib/libverify.dylib
0x00000001026a7000 	/Library/Java/JavaVirtualMachines/jdk1.7.0_13.jdk/Contents/Home/jre/lib/libjava.dylib
0x00000001026d7000 	/Library/Java/JavaVirtualMachines/jdk1.7.0_13.jdk/Contents/Home/jre/lib/libjdwp.dylib
0x00000001013e3000 	/Library/Java/JavaVirtualMachines/jdk1.7.0_13.jdk/Contents/Home/jre/lib/./libnpt.dylib
0x00000001013f0000 	/Library/Java/JavaVirtualMachines/jdk1.7.0_13.jdk/Contents/Home/jre/lib/libzip.dylib
0x0000000105e68000 	/System/Library/Frameworks/JavaVM.framework/Frameworks/JavaRuntimeSupport.framework/JavaRuntimeSupport
0x0000000105e7e000 	/System/Library/Frameworks/JavaVM.framework/Versions/A/Frameworks/JavaNativeFoundation.framework/Versions/A/JavaNativeFoundation
0x0000000105e92000 	/System/Library/Frameworks/JavaVM.framework/Versions/A/JavaVM
0x0000000005b5f000 	/System/Library/Frameworks/Carbon.framework/Versions/A/Carbon
0x0000000105e9e000 	/System/Library/PrivateFrameworks/JavaLaunching.framework/Versions/A/JavaLaunching
0x0000000005b5f000 	/System/Library/Frameworks/Carbon.framework/Versions/A/Frameworks/CommonPanels.framework/Versions/A/CommonPanels
0x0000000005b5f000 	/System/Library/Frameworks/Carbon.framework/Versions/A/Frameworks/Help.framework/Versions/A/Help
0x0000000005b5f000 	/System/Library/Frameworks/Carbon.framework/Versions/A/Frameworks/ImageCapture.framework/Versions/A/ImageCapture
0x0000000005b5f000 	/System/Library/Frameworks/Carbon.framework/Versions/A/Frameworks/OpenScripting.framework/Versions/A/OpenScripting
0x0000000005b5f000 	/System/Library/Frameworks/Carbon.framework/Versions/A/Frameworks/Print.framework/Versions/A/Print
0x0000000005b5f000 	/System/Library/Frameworks/Carbon.framework/Versions/A/Frameworks/SecurityHI.framework/Versions/A/SecurityHI
0x00000001077a9000 	/Library/Java/JavaVirtualMachines/jdk1.7.0_13.jdk/Contents/Home/jre/lib/libdt_socket.dylib

VM Arguments:
jvm_args: -agentlib:jdwp=transport=dt_socket,address=127.0.0.1:59357,suspend=y,server=n -Dfile.encoding=UTF-8 
java_command: com.survivalstore.StoreInterface
Launcher Type: SUN_STANDARD

Environment Variables:
PATH=/usr/bin:/bin:/usr/sbin:/sbin
SHELL=/bin/zsh
DISPLAY=/private/tmp/com.apple.launchd.xghzlgJ5rz/org.macosforge.xquartz:0

Signal Handlers:
SIGSEGV: [libjvm.dylib+0x4a361d], sa_mask[0]=0xfffefeff, sa_flags=0x00000042
SIGBUS: [libjvm.dylib+0x4a361d], sa_mask[0]=0xfffefeff, sa_flags=0x00000042
SIGFPE: [libjvm.dylib+0x3b302d], sa_mask[0]=0xfffefeff, sa_flags=0x00000042
SIGPIPE: [libjvm.dylib+0x3b302d], sa_mask[0]=0xfffefeff, sa_flags=0x00000042
SIGXFSZ: [libjvm.dylib+0x3b302d], sa_mask[0]=0xfffefeff, sa_flags=0x00000042
SIGILL: [libjvm.dylib+0x3b302d], sa_mask[0]=0xfffefeff, sa_flags=0x00000042
SIGUSR1: SIG_DFL, sa_mask[0]=0x00000000, sa_flags=0x00000000
SIGUSR2: [libjvm.dylib+0x3b2bc6], sa_mask[0]=0x00000004, sa_flags=0x00000042
SIGHUP: [libjvm.dylib+0x3b0e27], sa_mask[0]=0xfffefeff, sa_flags=0x00000042
SIGINT: [libjvm.dylib+0x3b0e27], sa_mask[0]=0xfffefeff, sa_flags=0x00000042
SIGTERM: [libjvm.dylib+0x3b0e27], sa_mask[0]=0xfffefeff, sa_flags=0x00000042
SIGQUIT: [libjvm.dylib+0x3b0e27], sa_mask[0]=0xfffefeff, sa_flags=0x00000042


---------------  S Y S T E M  ---------------

OS:Bsduname:Darwin 14.0.0 Darwin Kernel Version 14.0.0: Sat Sep 27 03:58:47 PDT 2014; root:xnu-2782.1.97~11/RELEASE_X86_64 x86_64
rlimit: STACK 8192k, CORE 0k, NPROC 709, NOFILE 10240, AS infinity
load average:5.41 5.66 5.12

CPU:total 4 (2 cores per cpu, 2 threads per core) family 6 model 69 stepping 1, cmov, cx8, fxsr, mmx, sse, sse2, sse3, ssse3, sse4.1, sse4.2, popcnt, avx, avx2, ht, tsc, tscinvbit

Memory: 4k page, physical 884076k(221019k free)

/proc/meminfo:


vm_info: Java HotSpot(TM) 64-Bit Server VM (23.7-b01) for bsd-amd64 JRE (1.7.0_13-b20), built on Jan 30 2013 01:14:41 by "java_re" with gcc 4.2.1 (Based on Apple Inc. build 5658) (LLVM build 2336.9.00)

time: Fri Jul  3 19:11:20 2015
elapsed time: 3959 seconds

